<?xml version="1.0" encoding="UTF-8"?>
<testsuite xmlns:xsi="http://www.w3.org/2001/XMLSchema-instance" xsi:noNamespaceSchemaLocation="https://maven.apache.org/surefire/maven-surefire-plugin/xsd/surefire-test-report-3.0.xsd" version="3.0" name="regression.ShopInventoryApiTest" time="76.064" tests="7" errors="0" skipped="0" failures="0">
  <properties>
[...]
</properties>
  <testcase name="testBuysProduct" classname="regression.ShopInventoryApiTest" time="10.11">
    <system-out><![CDATA[Request method:	GET
Request URI:	https://apiforshopsinventorymanagementsystem.onrender.com/products
Proxy:			<none>
Request params:	<none>
Query params:	<none>
Form params:	<none>
Path params:	<none>
Headers:		Accept=*/*
				Content-Type=application/json
Cookies:		<none>
Multiparts:		<none>
Body:			<none>
Request method:	POST
Request URI:	https://apiforshopsinventorymanagementsystem.onrender.com/auth/login
Proxy:			<none>
Request params:	<none>
Query params:	<none>
Form params:	<none>
Path params:	<none>
Headers:		Accept=*/*
				Content-Type=application/json
Cookies:		<none>
Multiparts:		<none>
Body:
{
    "username": "user01",
    "password": "secpassword*"
}
Request method:	POST
Request URI:	https://apiforshopsinventorymanagementsystem.onrender.com/orders
Proxy:			<none>
Request params:	<none>
Query params:	<none>
Form params:	<none>
Path params:	<none>
Headers:		authorization=eyJhbGciOiJIUzI1NiIsInR5cCI6IkpXVCJ9.eyJpZCI6IjY4MTJiY2NlZDVkZGIzYjkyYmY5MTYxMSIsImlhdCI6MTc0NzA3NTkxMSwiZXhwIjoxNzQ3MDc5NTExfQ.LbJjwBYM1TNMi94d9WioI4tmBrLJ-J4eva7hm2PZQw4
				accept=application/json
				Content-Type=application/json
Cookies:		<none>
Multiparts:		<none>
Body:
{
    "orderType": "buy",
    "productId": "6d7a5d91-7476-47f4-b782-b834fb26f763",
    "quantity": 2
}
Request method:	POST
Request URI:	https://apiforshopsinventorymanagementsystem.onrender.com/auth/login
Proxy:			<none>
Request params:	<none>
Query params:	<none>
Form params:	<none>
Path params:	<none>
Headers:		Accept=*/*
				Content-Type=application/json
Cookies:		<none>
Multiparts:		<none>
Body:
{
    "username": "user01",
    "password": "secpassword*"
}
Request method:	GET
Request URI:	https://apiforshopsinventorymanagementsystem.onrender.com/orders/product/6d7a5d91-7476-47f4-b782-b834fb26f763
Proxy:			<none>
Request params:	<none>
Query params:	<none>
Form params:	<none>
Path params:	productId=6d7a5d91-7476-47f4-b782-b834fb26f763
Headers:		authorization=eyJhbGciOiJIUzI1NiIsInR5cCI6IkpXVCJ9.eyJpZCI6IjY4MTJiY2NlZDVkZGIzYjkyYmY5MTYxMSIsImlhdCI6MTc0NzA3NTkxMywiZXhwIjoxNzQ3MDc5NTEzfQ.ZubkgXs7jllRLQab8dF0hoCZM-cui1SlWHWtG-z80Gg
				accept=application/json
				Content-Type=application/json
Cookies:		<none>
Multiparts:		<none>
Body:			<none>
{
    "productId": "6d7a5d91-7476-47f4-b782-b834fb26f763",
    "totalBuys": 2,
    "totalSells": 0,
    "currentStock": 2,
    "totalTransactions": 1
}
{
    "productId": "6d7a5d91-7476-47f4-b782-b834fb26f763",
    "totalBuys": 2,
    "totalSells": 0,
    "currentStock": 2,
    "totalTransactions": 1
}
]]></system-out>
    <system-err><![CDATA[SLF4J: Failed to load class "org.slf4j.impl.StaticLoggerBinder".
SLF4J: Defaulting to no-operation (NOP) logger implementation
SLF4J: See http://www.slf4j.org/codes.html#StaticLoggerBinder for further details.
]]></system-err>
  </testcase>
  <testcase name="testRetrieveStockDetailsOfProduct" classname="regression.ShopInventoryApiTest" time="2.944">
    <system-out><![CDATA[Request method:	GET
Request URI:	https://apiforshopsinventorymanagementsystem.onrender.com/products
Proxy:			<none>
Request params:	<none>
Query params:	<none>
Form params:	<none>
Path params:	<none>
Headers:		Accept=*/*
				Content-Type=application/json
Cookies:		<none>
Multiparts:		<none>
Body:			<none>
Request method:	GET
Request URI:	https://apiforshopsinventorymanagementsystem.onrender.com/products/22101df0-0946-4f9d-b5bd-36df79cacf4a
Proxy:			<none>
Request params:	<none>
Query params:	<none>
Form params:	<none>
Path params:	productId=22101df0-0946-4f9d-b5bd-36df79cacf4a
Headers:		Accept=*/*
				Content-Type=application/json
Cookies:		<none>
Multiparts:		<none>
Body:			<none>
]]></system-out>
  </testcase>
  <testcase name="testSellProduct" classname="regression.ShopInventoryApiTest" time="49.344">
    <system-out><![CDATA[Request method:	GET
Request URI:	https://apiforshopsinventorymanagementsystem.onrender.com/products
Proxy:			<none>
Request params:	<none>
Query params:	<none>
Form params:	<none>
Path params:	<none>
Headers:		Accept=*/*
				Content-Type=application/json
Cookies:		<none>
Multiparts:		<none>
Body:			<none>
d4eee4cb-d7da-434b-a481-270aef1a24fa Random
Request method:	POST
Request URI:	https://apiforshopsinventorymanagementsystem.onrender.com/auth/login
Proxy:			<none>
Request params:	<none>
Query params:	<none>
Form params:	<none>
Path params:	<none>
Headers:		Accept=*/*
				Content-Type=application/json
Cookies:		<none>
Multiparts:		<none>
Body:
{
    "username": "user01",
    "password": "secpassword*"
}
Request method:	GET
Request URI:	https://apiforshopsinventorymanagementsystem.onrender.com/orders/product/d4eee4cb-d7da-434b-a481-270aef1a24fa
Proxy:			<none>
Request params:	<none>
Query params:	<none>
Form params:	<none>
Path params:	productId=d4eee4cb-d7da-434b-a481-270aef1a24fa
Headers:		authorization=eyJhbGciOiJIUzI1NiIsInR5cCI6IkpXVCJ9.eyJpZCI6IjY4MTJiY2NlZDVkZGIzYjkyYmY5MTYxMSIsImlhdCI6MTc0NzA3NTkyMCwiZXhwIjoxNzQ3MDc5NTIwfQ.KAZFrXFZLFiayILvICGC2RyvX1tIJ_53mXRYDhBPk3k
				accept=application/json
				Content-Type=application/json
Cookies:		<none>
Multiparts:		<none>
Body:			<none>
{
    "message": "No orders found for this product",
    "productId": "d4eee4cb-d7da-434b-a481-270aef1a24fa",
    "currentStock": 0
}
{
    "message": "No orders found for this product",
    "productId": "d4eee4cb-d7da-434b-a481-270aef1a24fa",
    "currentStock": 0
}
Request method:	GET
Request URI:	https://apiforshopsinventorymanagementsystem.onrender.com/products
Proxy:			<none>
Request params:	<none>
Query params:	<none>
Form params:	<none>
Path params:	<none>
Headers:		Accept=*/*
				Content-Type=application/json
Cookies:		<none>
Multiparts:		<none>
Body:			<none>
88b0201b-d54e-447c-a415-5de6e8a16bb0 Random
Request method:	POST
Request URI:	https://apiforshopsinventorymanagementsystem.onrender.com/auth/login
Proxy:			<none>
Request params:	<none>
Query params:	<none>
Form params:	<none>
Path params:	<none>
Headers:		Accept=*/*
				Content-Type=application/json
Cookies:		<none>
Multiparts:		<none>
Body:
{
    "username": "user01",
    "password": "secpassword*"
}
Request method:	GET
Request URI:	https://apiforshopsinventorymanagementsystem.onrender.com/orders/product/88b0201b-d54e-447c-a415-5de6e8a16bb0
Proxy:			<none>
Request params:	<none>
Query params:	<none>
Form params:	<none>
Path params:	productId=88b0201b-d54e-447c-a415-5de6e8a16bb0
Headers:		authorization=eyJhbGciOiJIUzI1NiIsInR5cCI6IkpXVCJ9.eyJpZCI6IjY4MTJiY2NlZDVkZGIzYjkyYmY5MTYxMSIsImlhdCI6MTc0NzA3NTkyNCwiZXhwIjoxNzQ3MDc5NTI0fQ.VqVTJyOHKRxyyMltDj2DBYPEr4VTq2MisHWXbpaKt1U
				accept=application/json
				Content-Type=application/json
Cookies:		<none>
Multiparts:		<none>
Body:			<none>
{
    "message": "No orders found for this product",
    "productId": "88b0201b-d54e-447c-a415-5de6e8a16bb0",
    "currentStock": 0
}
{
    "message": "No orders found for this product",
    "productId": "88b0201b-d54e-447c-a415-5de6e8a16bb0",
    "currentStock": 0
}
Request method:	GET
Request URI:	https://apiforshopsinventorymanagementsystem.onrender.com/products
Proxy:			<none>
Request params:	<none>
Query params:	<none>
Form params:	<none>
Path params:	<none>
Headers:		Accept=*/*
				Content-Type=application/json
Cookies:		<none>
Multiparts:		<none>
Body:			<none>
f2add992-7f2f-4829-a04a-c62181264e82 Random
Request method:	POST
Request URI:	https://apiforshopsinventorymanagementsystem.onrender.com/auth/login
Proxy:			<none>
Request params:	<none>
Query params:	<none>
Form params:	<none>
Path params:	<none>
Headers:		Accept=*/*
				Content-Type=application/json
Cookies:		<none>
Multiparts:		<none>
Body:
{
    "username": "user01",
    "password": "secpassword*"
}
Request method:	GET
Request URI:	https://apiforshopsinventorymanagementsystem.onrender.com/orders/product/f2add992-7f2f-4829-a04a-c62181264e82
Proxy:			<none>
Request params:	<none>
Query params:	<none>
Form params:	<none>
Path params:	productId=f2add992-7f2f-4829-a04a-c62181264e82
Headers:		authorization=eyJhbGciOiJIUzI1NiIsInR5cCI6IkpXVCJ9.eyJpZCI6IjY4MTJiY2NlZDVkZGIzYjkyYmY5MTYxMSIsImlhdCI6MTc0NzA3NTkyOCwiZXhwIjoxNzQ3MDc5NTI4fQ.hNfUvu7kQ2W3Fgfp1FS7kz9ir6ubDjN3tIPU6J2DrcE
				accept=application/json
				Content-Type=application/json
Cookies:		<none>
Multiparts:		<none>
Body:			<none>
{
    "message": "No orders found for this product",
    "productId": "f2add992-7f2f-4829-a04a-c62181264e82",
    "currentStock": 0
}
{
    "message": "No orders found for this product",
    "productId": "f2add992-7f2f-4829-a04a-c62181264e82",
    "currentStock": 0
}
Request method:	GET
Request URI:	https://apiforshopsinventorymanagementsystem.onrender.com/products
Proxy:			<none>
Request params:	<none>
Query params:	<none>
Form params:	<none>
Path params:	<none>
Headers:		Accept=*/*
				Content-Type=application/json
Cookies:		<none>
Multiparts:		<none>
Body:			<none>
907116d4-95ea-40ad-94d6-7f8675d44ef9 Random
Request method:	POST
Request URI:	https://apiforshopsinventorymanagementsystem.onrender.com/auth/login
Proxy:			<none>
Request params:	<none>
Query params:	<none>
Form params:	<none>
Path params:	<none>
Headers:		Accept=*/*
				Content-Type=application/json
Cookies:		<none>
Multiparts:		<none>
Body:
{
    "username": "user01",
    "password": "secpassword*"
}
Request method:	GET
Request URI:	https://apiforshopsinventorymanagementsystem.onrender.com/orders/product/907116d4-95ea-40ad-94d6-7f8675d44ef9
Proxy:			<none>
Request params:	<none>
Query params:	<none>
Form params:	<none>
Path params:	productId=907116d4-95ea-40ad-94d6-7f8675d44ef9
Headers:		authorization=eyJhbGciOiJIUzI1NiIsInR5cCI6IkpXVCJ9.eyJpZCI6IjY4MTJiY2NlZDVkZGIzYjkyYmY5MTYxMSIsImlhdCI6MTc0NzA3NTkzMSwiZXhwIjoxNzQ3MDc5NTMxfQ.Ut844qIFnaJLlLc-qOkTiza8jgmor9VdxjprBOK3B0s
				accept=application/json
				Content-Type=application/json
Cookies:		<none>
Multiparts:		<none>
Body:			<none>
{
    "message": "No orders found for this product",
    "productId": "907116d4-95ea-40ad-94d6-7f8675d44ef9",
    "currentStock": 0
}
{
    "message": "No orders found for this product",
    "productId": "907116d4-95ea-40ad-94d6-7f8675d44ef9",
    "currentStock": 0
}
Request method:	GET
Request URI:	https://apiforshopsinventorymanagementsystem.onrender.com/products
Proxy:			<none>
Request params:	<none>
Query params:	<none>
Form params:	<none>
Path params:	<none>
Headers:		Accept=*/*
				Content-Type=application/json
Cookies:		<none>
Multiparts:		<none>
Body:			<none>
790670ef-30d3-4b9d-abbb-b10372a9f1c2 Random
Request method:	POST
Request URI:	https://apiforshopsinventorymanagementsystem.onrender.com/auth/login
Proxy:			<none>
Request params:	<none>
Query params:	<none>
Form params:	<none>
Path params:	<none>
Headers:		Accept=*/*
				Content-Type=application/json
Cookies:		<none>
Multiparts:		<none>
Body:
{
    "username": "user01",
    "password": "secpassword*"
}
Request method:	GET
Request URI:	https://apiforshopsinventorymanagementsystem.onrender.com/orders/product/790670ef-30d3-4b9d-abbb-b10372a9f1c2
Proxy:			<none>
Request params:	<none>
Query params:	<none>
Form params:	<none>
Path params:	productId=790670ef-30d3-4b9d-abbb-b10372a9f1c2
Headers:		authorization=eyJhbGciOiJIUzI1NiIsInR5cCI6IkpXVCJ9.eyJpZCI6IjY4MTJiY2NlZDVkZGIzYjkyYmY5MTYxMSIsImlhdCI6MTc0NzA3NTkzNCwiZXhwIjoxNzQ3MDc5NTM0fQ.zRMX0sfD6lGWCGmAFzAoFqYDbPSL1YsDtY-iwxDznyw
				accept=application/json
				Content-Type=application/json
Cookies:		<none>
Multiparts:		<none>
Body:			<none>
{
    "message": "No orders found for this product",
    "productId": "790670ef-30d3-4b9d-abbb-b10372a9f1c2",
    "currentStock": 0
}
{
    "message": "No orders found for this product",
    "productId": "790670ef-30d3-4b9d-abbb-b10372a9f1c2",
    "currentStock": 0
}
Request method:	GET
Request URI:	https://apiforshopsinventorymanagementsystem.onrender.com/products
Proxy:			<none>
Request params:	<none>
Query params:	<none>
Form params:	<none>
Path params:	<none>
Headers:		Accept=*/*
				Content-Type=application/json
Cookies:		<none>
Multiparts:		<none>
Body:			<none>
08ba7ad4-f9d4-42d3-80c9-3e42a424fe9c Random
Request method:	POST
Request URI:	https://apiforshopsinventorymanagementsystem.onrender.com/auth/login
Proxy:			<none>
Request params:	<none>
Query params:	<none>
Form params:	<none>
Path params:	<none>
Headers:		Accept=*/*
				Content-Type=application/json
Cookies:		<none>
Multiparts:		<none>
Body:
{
    "username": "user01",
    "password": "secpassword*"
}
Request method:	GET
Request URI:	https://apiforshopsinventorymanagementsystem.onrender.com/orders/product/08ba7ad4-f9d4-42d3-80c9-3e42a424fe9c
Proxy:			<none>
Request params:	<none>
Query params:	<none>
Form params:	<none>
Path params:	productId=08ba7ad4-f9d4-42d3-80c9-3e42a424fe9c
Headers:		authorization=eyJhbGciOiJIUzI1NiIsInR5cCI6IkpXVCJ9.eyJpZCI6IjY4MTJiY2NlZDVkZGIzYjkyYmY5MTYxMSIsImlhdCI6MTc0NzA3NTkzNywiZXhwIjoxNzQ3MDc5NTM3fQ.ANSWriN2SuRirkXL-4CYWEigm1wnWhMnRjbg-WHFmmM
				accept=application/json
				Content-Type=application/json
Cookies:		<none>
Multiparts:		<none>
Body:			<none>
{
    "message": "No orders found for this product",
    "productId": "08ba7ad4-f9d4-42d3-80c9-3e42a424fe9c",
    "currentStock": 0
}
{
    "message": "No orders found for this product",
    "productId": "08ba7ad4-f9d4-42d3-80c9-3e42a424fe9c",
    "currentStock": 0
}
Request method:	GET
Request URI:	https://apiforshopsinventorymanagementsystem.onrender.com/products
Proxy:			<none>
Request params:	<none>
Query params:	<none>
Form params:	<none>
Path params:	<none>
Headers:		Accept=*/*
				Content-Type=application/json
Cookies:		<none>
Multiparts:		<none>
Body:			<none>
7c424fbf-401e-48ca-afb7-31199bf168ab Random
Request method:	POST
Request URI:	https://apiforshopsinventorymanagementsystem.onrender.com/auth/login
Proxy:			<none>
Request params:	<none>
Query params:	<none>
Form params:	<none>
Path params:	<none>
Headers:		Accept=*/*
				Content-Type=application/json
Cookies:		<none>
Multiparts:		<none>
Body:
{
    "username": "user01",
    "password": "secpassword*"
}
Request method:	GET
Request URI:	https://apiforshopsinventorymanagementsystem.onrender.com/orders/product/7c424fbf-401e-48ca-afb7-31199bf168ab
Proxy:			<none>
Request params:	<none>
Query params:	<none>
Form params:	<none>
Path params:	productId=7c424fbf-401e-48ca-afb7-31199bf168ab
Headers:		authorization=eyJhbGciOiJIUzI1NiIsInR5cCI6IkpXVCJ9.eyJpZCI6IjY4MTJiY2NlZDVkZGIzYjkyYmY5MTYxMSIsImlhdCI6MTc0NzA3NTkzOSwiZXhwIjoxNzQ3MDc5NTM5fQ.luGScm-RbCd5WQ2vniGfSQ8DzJOxI_80Dl_YV_vYsDY
				accept=application/json
				Content-Type=application/json
Cookies:		<none>
Multiparts:		<none>
Body:			<none>
{
    "message": "No orders found for this product",
    "productId": "7c424fbf-401e-48ca-afb7-31199bf168ab",
    "currentStock": 0
}
{
    "message": "No orders found for this product",
    "productId": "7c424fbf-401e-48ca-afb7-31199bf168ab",
    "currentStock": 0
}
Request method:	GET
Request URI:	https://apiforshopsinventorymanagementsystem.onrender.com/products
Proxy:			<none>
Request params:	<none>
Query params:	<none>
Form params:	<none>
Path params:	<none>
Headers:		Accept=*/*
				Content-Type=application/json
Cookies:		<none>
Multiparts:		<none>
Body:			<none>
4a07edd3-f27b-4613-bf1b-99aa8228cd65 Random
Request method:	POST
Request URI:	https://apiforshopsinventorymanagementsystem.onrender.com/auth/login
Proxy:			<none>
Request params:	<none>
Query params:	<none>
Form params:	<none>
Path params:	<none>
Headers:		Accept=*/*
				Content-Type=application/json
Cookies:		<none>
Multiparts:		<none>
Body:
{
    "username": "user01",
    "password": "secpassword*"
}
Request method:	GET
Request URI:	https://apiforshopsinventorymanagementsystem.onrender.com/orders/product/4a07edd3-f27b-4613-bf1b-99aa8228cd65
Proxy:			<none>
Request params:	<none>
Query params:	<none>
Form params:	<none>
Path params:	productId=4a07edd3-f27b-4613-bf1b-99aa8228cd65
Headers:		authorization=eyJhbGciOiJIUzI1NiIsInR5cCI6IkpXVCJ9.eyJpZCI6IjY4MTJiY2NlZDVkZGIzYjkyYmY5MTYxMSIsImlhdCI6MTc0NzA3NTk0MiwiZXhwIjoxNzQ3MDc5NTQyfQ.JjllvobZGkNGeXahKx4gzTrj3r6h9ENpiGI59rNGLBU
				accept=application/json
				Content-Type=application/json
Cookies:		<none>
Multiparts:		<none>
Body:			<none>
{
    "message": "No orders found for this product",
    "productId": "4a07edd3-f27b-4613-bf1b-99aa8228cd65",
    "currentStock": 0
}
{
    "message": "No orders found for this product",
    "productId": "4a07edd3-f27b-4613-bf1b-99aa8228cd65",
    "currentStock": 0
}
Request method:	GET
Request URI:	https://apiforshopsinventorymanagementsystem.onrender.com/products
Proxy:			<none>
Request params:	<none>
Query params:	<none>
Form params:	<none>
Path params:	<none>
Headers:		Accept=*/*
				Content-Type=application/json
Cookies:		<none>
Multiparts:		<none>
Body:			<none>
a9616ffa-922d-4127-bbea-76f300aa86f8 Random
Request method:	POST
Request URI:	https://apiforshopsinventorymanagementsystem.onrender.com/auth/login
Proxy:			<none>
Request params:	<none>
Query params:	<none>
Form params:	<none>
Path params:	<none>
Headers:		Accept=*/*
				Content-Type=application/json
Cookies:		<none>
Multiparts:		<none>
Body:
{
    "username": "user01",
    "password": "secpassword*"
}
Request method:	GET
Request URI:	https://apiforshopsinventorymanagementsystem.onrender.com/orders/product/a9616ffa-922d-4127-bbea-76f300aa86f8
Proxy:			<none>
Request params:	<none>
Query params:	<none>
Form params:	<none>
Path params:	productId=a9616ffa-922d-4127-bbea-76f300aa86f8
Headers:		authorization=eyJhbGciOiJIUzI1NiIsInR5cCI6IkpXVCJ9.eyJpZCI6IjY4MTJiY2NlZDVkZGIzYjkyYmY5MTYxMSIsImlhdCI6MTc0NzA3NTk0NCwiZXhwIjoxNzQ3MDc5NTQ0fQ.4ndxiAZ-4ccohk1iTL9q6Uk4pkNbKph6k6fEyf_SsuU
				accept=application/json
				Content-Type=application/json
Cookies:		<none>
Multiparts:		<none>
Body:			<none>
{
    "message": "No orders found for this product",
    "productId": "a9616ffa-922d-4127-bbea-76f300aa86f8",
    "currentStock": 0
}
{
    "message": "No orders found for this product",
    "productId": "a9616ffa-922d-4127-bbea-76f300aa86f8",
    "currentStock": 0
}
Request method:	GET
Request URI:	https://apiforshopsinventorymanagementsystem.onrender.com/products
Proxy:			<none>
Request params:	<none>
Query params:	<none>
Form params:	<none>
Path params:	<none>
Headers:		Accept=*/*
				Content-Type=application/json
Cookies:		<none>
Multiparts:		<none>
Body:			<none>
61044215-55a8-42dd-9bec-b0166b79fa57 Random
Request method:	POST
Request URI:	https://apiforshopsinventorymanagementsystem.onrender.com/auth/login
Proxy:			<none>
Request params:	<none>
Query params:	<none>
Form params:	<none>
Path params:	<none>
Headers:		Accept=*/*
				Content-Type=application/json
Cookies:		<none>
Multiparts:		<none>
Body:
{
    "username": "user01",
    "password": "secpassword*"
}
Request method:	GET
Request URI:	https://apiforshopsinventorymanagementsystem.onrender.com/orders/product/61044215-55a8-42dd-9bec-b0166b79fa57
Proxy:			<none>
Request params:	<none>
Query params:	<none>
Form params:	<none>
Path params:	productId=61044215-55a8-42dd-9bec-b0166b79fa57
Headers:		authorization=eyJhbGciOiJIUzI1NiIsInR5cCI6IkpXVCJ9.eyJpZCI6IjY4MTJiY2NlZDVkZGIzYjkyYmY5MTYxMSIsImlhdCI6MTc0NzA3NTk0NywiZXhwIjoxNzQ3MDc5NTQ3fQ.ar1GOQhLByl6hg4GyxYblPXd_F-arp79tQd4kHI-PwY
				accept=application/json
				Content-Type=application/json
Cookies:		<none>
Multiparts:		<none>
Body:			<none>
{
    "message": "No orders found for this product",
    "productId": "61044215-55a8-42dd-9bec-b0166b79fa57",
    "currentStock": 0
}
{
    "message": "No orders found for this product",
    "productId": "61044215-55a8-42dd-9bec-b0166b79fa57",
    "currentStock": 0
}
Request method:	GET
Request URI:	https://apiforshopsinventorymanagementsystem.onrender.com/products
Proxy:			<none>
Request params:	<none>
Query params:	<none>
Form params:	<none>
Path params:	<none>
Headers:		Accept=*/*
				Content-Type=application/json
Cookies:		<none>
Multiparts:		<none>
Body:			<none>
d13381e6-2ce2-4b72-b0ef-993c7e876307 Random
Request method:	POST
Request URI:	https://apiforshopsinventorymanagementsystem.onrender.com/auth/login
Proxy:			<none>
Request params:	<none>
Query params:	<none>
Form params:	<none>
Path params:	<none>
Headers:		Accept=*/*
				Content-Type=application/json
Cookies:		<none>
Multiparts:		<none>
Body:
{
    "username": "user01",
    "password": "secpassword*"
}
Request method:	GET
Request URI:	https://apiforshopsinventorymanagementsystem.onrender.com/orders/product/d13381e6-2ce2-4b72-b0ef-993c7e876307
Proxy:			<none>
Request params:	<none>
Query params:	<none>
Form params:	<none>
Path params:	productId=d13381e6-2ce2-4b72-b0ef-993c7e876307
Headers:		authorization=eyJhbGciOiJIUzI1NiIsInR5cCI6IkpXVCJ9.eyJpZCI6IjY4MTJiY2NlZDVkZGIzYjkyYmY5MTYxMSIsImlhdCI6MTc0NzA3NTk0OSwiZXhwIjoxNzQ3MDc5NTQ5fQ.MFTzFwfuJ-0dzkFBBEOHqv4klrcWARxPFC0TrTQeDls
				accept=application/json
				Content-Type=application/json
Cookies:		<none>
Multiparts:		<none>
Body:			<none>
{
    "message": "No orders found for this product",
    "productId": "d13381e6-2ce2-4b72-b0ef-993c7e876307",
    "currentStock": 0
}
{
    "message": "No orders found for this product",
    "productId": "d13381e6-2ce2-4b72-b0ef-993c7e876307",
    "currentStock": 0
}
Request method:	GET
Request URI:	https://apiforshopsinventorymanagementsystem.onrender.com/products
Proxy:			<none>
Request params:	<none>
Query params:	<none>
Form params:	<none>
Path params:	<none>
Headers:		Accept=*/*
				Content-Type=application/json
Cookies:		<none>
Multiparts:		<none>
Body:			<none>
cef92064-75fd-4c99-bbf3-45cfe6603b08 Random
Request method:	POST
Request URI:	https://apiforshopsinventorymanagementsystem.onrender.com/auth/login
Proxy:			<none>
Request params:	<none>
Query params:	<none>
Form params:	<none>
Path params:	<none>
Headers:		Accept=*/*
				Content-Type=application/json
Cookies:		<none>
Multiparts:		<none>
Body:
{
    "username": "user01",
    "password": "secpassword*"
}
Request method:	GET
Request URI:	https://apiforshopsinventorymanagementsystem.onrender.com/orders/product/cef92064-75fd-4c99-bbf3-45cfe6603b08
Proxy:			<none>
Request params:	<none>
Query params:	<none>
Form params:	<none>
Path params:	productId=cef92064-75fd-4c99-bbf3-45cfe6603b08
Headers:		authorization=eyJhbGciOiJIUzI1NiIsInR5cCI6IkpXVCJ9.eyJpZCI6IjY4MTJiY2NlZDVkZGIzYjkyYmY5MTYxMSIsImlhdCI6MTc0NzA3NTk1MiwiZXhwIjoxNzQ3MDc5NTUyfQ.5nciM1zZOk47_Tz5WpaV-dcUkJ-bjJhUBtBu-iDlPEg
				accept=application/json
				Content-Type=application/json
Cookies:		<none>
Multiparts:		<none>
Body:			<none>
{
    "message": "No orders found for this product",
    "productId": "cef92064-75fd-4c99-bbf3-45cfe6603b08",
    "currentStock": 0
}
{
    "message": "No orders found for this product",
    "productId": "cef92064-75fd-4c99-bbf3-45cfe6603b08",
    "currentStock": 0
}
Request method:	GET
Request URI:	https://apiforshopsinventorymanagementsystem.onrender.com/products
Proxy:			<none>
Request params:	<none>
Query params:	<none>
Form params:	<none>
Path params:	<none>
Headers:		Accept=*/*
				Content-Type=application/json
Cookies:		<none>
Multiparts:		<none>
Body:			<none>
51e57c53-8d63-4f3f-9cc9-703ec01fd202 Random
Request method:	POST
Request URI:	https://apiforshopsinventorymanagementsystem.onrender.com/auth/login
Proxy:			<none>
Request params:	<none>
Query params:	<none>
Form params:	<none>
Path params:	<none>
Headers:		Accept=*/*
				Content-Type=application/json
Cookies:		<none>
Multiparts:		<none>
Body:
{
    "username": "user01",
    "password": "secpassword*"
}
Request method:	GET
Request URI:	https://apiforshopsinventorymanagementsystem.onrender.com/orders/product/51e57c53-8d63-4f3f-9cc9-703ec01fd202
Proxy:			<none>
Request params:	<none>
Query params:	<none>
Form params:	<none>
Path params:	productId=51e57c53-8d63-4f3f-9cc9-703ec01fd202
Headers:		authorization=eyJhbGciOiJIUzI1NiIsInR5cCI6IkpXVCJ9.eyJpZCI6IjY4MTJiY2NlZDVkZGIzYjkyYmY5MTYxMSIsImlhdCI6MTc0NzA3NTk1NCwiZXhwIjoxNzQ3MDc5NTU0fQ.XYL6HkRMEvRNf9ktWv7Tfkl9znf8xxeooryxPQewrRY
				accept=application/json
				Content-Type=application/json
Cookies:		<none>
Multiparts:		<none>
Body:			<none>
{
    "message": "No orders found for this product",
    "productId": "51e57c53-8d63-4f3f-9cc9-703ec01fd202",
    "currentStock": 0
}
{
    "message": "No orders found for this product",
    "productId": "51e57c53-8d63-4f3f-9cc9-703ec01fd202",
    "currentStock": 0
}
Request method:	GET
Request URI:	https://apiforshopsinventorymanagementsystem.onrender.com/products
Proxy:			<none>
Request params:	<none>
Query params:	<none>
Form params:	<none>
Path params:	<none>
Headers:		Accept=*/*
				Content-Type=application/json
Cookies:		<none>
Multiparts:		<none>
Body:			<none>
30494cfc-6cfe-419a-809c-45f5851335d1 Random
Request method:	POST
Request URI:	https://apiforshopsinventorymanagementsystem.onrender.com/auth/login
Proxy:			<none>
Request params:	<none>
Query params:	<none>
Form params:	<none>
Path params:	<none>
Headers:		Accept=*/*
				Content-Type=application/json
Cookies:		<none>
Multiparts:		<none>
Body:
{
    "username": "user01",
    "password": "secpassword*"
}
Request method:	GET
Request URI:	https://apiforshopsinventorymanagementsystem.onrender.com/orders/product/30494cfc-6cfe-419a-809c-45f5851335d1
Proxy:			<none>
Request params:	<none>
Query params:	<none>
Form params:	<none>
Path params:	productId=30494cfc-6cfe-419a-809c-45f5851335d1
Headers:		authorization=eyJhbGciOiJIUzI1NiIsInR5cCI6IkpXVCJ9.eyJpZCI6IjY4MTJiY2NlZDVkZGIzYjkyYmY5MTYxMSIsImlhdCI6MTc0NzA3NTk1NiwiZXhwIjoxNzQ3MDc5NTU2fQ.KfZ8X8AwnzDBZ2h1Rv4rby8oPuEyu2hJNfxovdTzEDc
				accept=application/json
				Content-Type=application/json
Cookies:		<none>
Multiparts:		<none>
Body:			<none>
{
    "message": "No orders found for this product",
    "productId": "30494cfc-6cfe-419a-809c-45f5851335d1",
    "currentStock": 0
}
{
    "message": "No orders found for this product",
    "productId": "30494cfc-6cfe-419a-809c-45f5851335d1",
    "currentStock": 0
}
Request method:	GET
Request URI:	https://apiforshopsinventorymanagementsystem.onrender.com/products
Proxy:			<none>
Request params:	<none>
Query params:	<none>
Form params:	<none>
Path params:	<none>
Headers:		Accept=*/*
				Content-Type=application/json
Cookies:		<none>
Multiparts:		<none>
Body:			<none>
d5a411df-99a1-49d5-a0bf-5817716eead5 Random
Request method:	POST
Request URI:	https://apiforshopsinventorymanagementsystem.onrender.com/auth/login
Proxy:			<none>
Request params:	<none>
Query params:	<none>
Form params:	<none>
Path params:	<none>
Headers:		Accept=*/*
				Content-Type=application/json
Cookies:		<none>
Multiparts:		<none>
Body:
{
    "username": "user01",
    "password": "secpassword*"
}
Request method:	GET
Request URI:	https://apiforshopsinventorymanagementsystem.onrender.com/orders/product/d5a411df-99a1-49d5-a0bf-5817716eead5
Proxy:			<none>
Request params:	<none>
Query params:	<none>
Form params:	<none>
Path params:	productId=d5a411df-99a1-49d5-a0bf-5817716eead5
Headers:		authorization=eyJhbGciOiJIUzI1NiIsInR5cCI6IkpXVCJ9.eyJpZCI6IjY4MTJiY2NlZDVkZGIzYjkyYmY5MTYxMSIsImlhdCI6MTc0NzA3NTk1OSwiZXhwIjoxNzQ3MDc5NTU5fQ.sX8uk_thty65udmBymd3xAl6ZBbGhb4fuA-Spzvrp6s
				accept=application/json
				Content-Type=application/json
Cookies:		<none>
Multiparts:		<none>
Body:			<none>
{
    "message": "No orders found for this product",
    "productId": "d5a411df-99a1-49d5-a0bf-5817716eead5",
    "currentStock": 0
}
{
    "message": "No orders found for this product",
    "productId": "d5a411df-99a1-49d5-a0bf-5817716eead5",
    "currentStock": 0
}
Request method:	GET
Request URI:	https://apiforshopsinventorymanagementsystem.onrender.com/products
Proxy:			<none>
Request params:	<none>
Query params:	<none>
Form params:	<none>
Path params:	<none>
Headers:		Accept=*/*
				Content-Type=application/json
Cookies:		<none>
Multiparts:		<none>
Body:			<none>
5ac283ca-58a5-4b94-bd28-e8b930f31530 Random
Request method:	POST
Request URI:	https://apiforshopsinventorymanagementsystem.onrender.com/auth/login
Proxy:			<none>
Request params:	<none>
Query params:	<none>
Form params:	<none>
Path params:	<none>
Headers:		Accept=*/*
				Content-Type=application/json
Cookies:		<none>
Multiparts:		<none>
Body:
{
    "username": "user01",
    "password": "secpassword*"
}
Request method:	GET
Request URI:	https://apiforshopsinventorymanagementsystem.onrender.com/orders/product/5ac283ca-58a5-4b94-bd28-e8b930f31530
Proxy:			<none>
Request params:	<none>
Query params:	<none>
Form params:	<none>
Path params:	productId=5ac283ca-58a5-4b94-bd28-e8b930f31530
Headers:		authorization=eyJhbGciOiJIUzI1NiIsInR5cCI6IkpXVCJ9.eyJpZCI6IjY4MTJiY2NlZDVkZGIzYjkyYmY5MTYxMSIsImlhdCI6MTc0NzA3NTk2MSwiZXhwIjoxNzQ3MDc5NTYxfQ.5qB6cjlgLUVj2_5ZeU-C5PpvNwViD2T1dCkktvqBs5Y
				accept=application/json
				Content-Type=application/json
Cookies:		<none>
Multiparts:		<none>
Body:			<none>
{
    "message": "No orders found for this product",
    "productId": "5ac283ca-58a5-4b94-bd28-e8b930f31530",
    "currentStock": 0
}
{
    "message": "No orders found for this product",
    "productId": "5ac283ca-58a5-4b94-bd28-e8b930f31530",
    "currentStock": 0
}
Request method:	GET
Request URI:	https://apiforshopsinventorymanagementsystem.onrender.com/products
Proxy:			<none>
Request params:	<none>
Query params:	<none>
Form params:	<none>
Path params:	<none>
Headers:		Accept=*/*
				Content-Type=application/json
Cookies:		<none>
Multiparts:		<none>
Body:			<none>
bc4a2dbb-be35-4306-8689-a5ef169b5f0d Random
Request method:	POST
Request URI:	https://apiforshopsinventorymanagementsystem.onrender.com/auth/login
Proxy:			<none>
Request params:	<none>
Query params:	<none>
Form params:	<none>
Path params:	<none>
Headers:		Accept=*/*
				Content-Type=application/json
Cookies:		<none>
Multiparts:		<none>
Body:
{
    "username": "user01",
    "password": "secpassword*"
}
Request method:	GET
Request URI:	https://apiforshopsinventorymanagementsystem.onrender.com/orders/product/bc4a2dbb-be35-4306-8689-a5ef169b5f0d
Proxy:			<none>
Request params:	<none>
Query params:	<none>
Form params:	<none>
Path params:	productId=bc4a2dbb-be35-4306-8689-a5ef169b5f0d
Headers:		authorization=eyJhbGciOiJIUzI1NiIsInR5cCI6IkpXVCJ9.eyJpZCI6IjY4MTJiY2NlZDVkZGIzYjkyYmY5MTYxMSIsImlhdCI6MTc0NzA3NTk2NCwiZXhwIjoxNzQ3MDc5NTY0fQ.64NO-dug6pYD3KFyhDEhH3vojjI1MUQkfODBt1rhut8
				accept=application/json
				Content-Type=application/json
Cookies:		<none>
Multiparts:		<none>
Body:			<none>
{
    "productId": "bc4a2dbb-be35-4306-8689-a5ef169b5f0d",
    "totalBuys": 100,
    "totalSells": 10,
    "currentStock": 90,
    "totalTransactions": 2
}
{
    "productId": "bc4a2dbb-be35-4306-8689-a5ef169b5f0d",
    "totalBuys": 100,
    "totalSells": 10,
    "currentStock": 90,
    "totalTransactions": 2
}
Request method:	POST
Request URI:	https://apiforshopsinventorymanagementsystem.onrender.com/auth/login
Proxy:			<none>
Request params:	<none>
Query params:	<none>
Form params:	<none>
Path params:	<none>
Headers:		Accept=*/*
				Content-Type=application/json
Cookies:		<none>
Multiparts:		<none>
Body:
{
    "username": "user01",
    "password": "secpassword*"
}
Request method:	POST
Request URI:	https://apiforshopsinventorymanagementsystem.onrender.com/orders
Proxy:			<none>
Request params:	<none>
Query params:	<none>
Form params:	<none>
Path params:	<none>
Headers:		authorization=eyJhbGciOiJIUzI1NiIsInR5cCI6IkpXVCJ9.eyJpZCI6IjY4MTJiY2NlZDVkZGIzYjkyYmY5MTYxMSIsImlhdCI6MTc0NzA3NTk2NSwiZXhwIjoxNzQ3MDc5NTY1fQ._gPtpwTtWJL1gs-go3CtsNB5X_1ZxfGTK7RrDjZReM4
				accept=application/json
				Content-Type=application/json
Cookies:		<none>
Multiparts:		<none>
Body:
{
    "orderType": "sell",
    "productId": "bc4a2dbb-be35-4306-8689-a5ef169b5f0d",
    "quantity": 90
}
]]></system-out>
  </testcase>
  <testcase name="testUpdateProduct" classname="regression.ShopInventoryApiTest" time="6.032">
    <system-out><![CDATA[Request method:	GET
Request URI:	https://apiforshopsinventorymanagementsystem.onrender.com/products
Proxy:			<none>
Request params:	<none>
Query params:	<none>
Form params:	<none>
Path params:	<none>
Headers:		Accept=*/*
				Content-Type=application/json
Cookies:		<none>
Multiparts:		<none>
Body:			<none>
Request method:	POST
Request URI:	https://apiforshopsinventorymanagementsystem.onrender.com/auth/login
Proxy:			<none>
Request params:	<none>
Query params:	<none>
Form params:	<none>
Path params:	<none>
Headers:		Accept=*/*
				Content-Type=application/json
Cookies:		<none>
Multiparts:		<none>
Body:
{
    "username": "user01",
    "password": "secpassword*"
}
Request method:	POST
Request URI:	https://apiforshopsinventorymanagementsystem.onrender.com/products
Proxy:			<none>
Request params:	<none>
Query params:	<none>
Form params:	<none>
Path params:	<none>
Headers:		authorization=eyJhbGciOiJIUzI1NiIsInR5cCI6IkpXVCJ9.eyJpZCI6IjY4MTJiY2NlZDVkZGIzYjkyYmY5MTYxMSIsImlhdCI6MTc0NzA3NTk2OCwiZXhwIjoxNzQ3MDc5NTY4fQ.HQlHw2ZGTYp67RZOOa5gVHPAvPnKptu8zfNsiTq10jE
				Accept=*/*
				Content-Type=application/json
Cookies:		<none>
Multiparts:		<none>
Body:
{
    "name": "101d2b4a-2c40-4811-a7c7-8c6d5b93df63",
    "productType": "games",
    "price": 10.00,
    "quantity": 19
}
Request method:	POST
Request URI:	https://apiforshopsinventorymanagementsystem.onrender.com/auth/login
Proxy:			<none>
Request params:	<none>
Query params:	<none>
Form params:	<none>
Path params:	<none>
Headers:		Accept=*/*
				Content-Type=application/json
Cookies:		<none>
Multiparts:		<none>
Body:
{
    "username": "user01",
    "password": "secpassword*"
}
Request method:	PUT
Request URI:	https://apiforshopsinventorymanagementsystem.onrender.com/products/101d2b4a-2c40-4811-a7c7-8c6d5b93df63
Proxy:			<none>
Request params:	<none>
Query params:	<none>
Form params:	<none>
Path params:	productId=101d2b4a-2c40-4811-a7c7-8c6d5b93df63
Headers:		authorization=eyJhbGciOiJIUzI1NiIsInR5cCI6IkpXVCJ9.eyJpZCI6IjY4MTJiY2NlZDVkZGIzYjkyYmY5MTYxMSIsImlhdCI6MTc0NzA3NTk3MiwiZXhwIjoxNzQ3MDc5NTcyfQ.SgvSHgudlXrl8SYzOFpv64pkab_lmpbNiPwwFqIxAoU
				Accept=*/*
				Content-Type=application/json
Cookies:		<none>
Multiparts:		<none>
Body:
{
    "name": "101d2b4a-2c40-4811-a7c7-8c6d5b93df63",
    "productType": "games",
    "price": 10.00,
    "quantity": 19
}
]]></system-out>
  </testcase>
  <testcase name="testAddProduct" classname="regression.ShopInventoryApiTest" time="2.652">
    <system-out><![CDATA[Request method:	GET
Request URI:	https://apiforshopsinventorymanagementsystem.onrender.com/products
Proxy:			<none>
Request params:	<none>
Query params:	<none>
Form params:	<none>
Path params:	<none>
Headers:		Accept=*/*
				Content-Type=application/json
Cookies:		<none>
Multiparts:		<none>
Body:			<none>
Request method:	POST
Request URI:	https://apiforshopsinventorymanagementsystem.onrender.com/auth/login
Proxy:			<none>
Request params:	<none>
Query params:	<none>
Form params:	<none>
Path params:	<none>
Headers:		Accept=*/*
				Content-Type=application/json
Cookies:		<none>
Multiparts:		<none>
Body:
{
    "username": "user01",
    "password": "secpassword*"
}
Request method:	POST
Request URI:	https://apiforshopsinventorymanagementsystem.onrender.com/products
Proxy:			<none>
Request params:	<none>
Query params:	<none>
Form params:	<none>
Path params:	<none>
Headers:		authorization=eyJhbGciOiJIUzI1NiIsInR5cCI6IkpXVCJ9.eyJpZCI6IjY4MTJiY2NlZDVkZGIzYjkyYmY5MTYxMSIsImlhdCI6MTc0NzA3NTk3NCwiZXhwIjoxNzQ3MDc5NTc0fQ.ANWMOKTC0m5NtLOcSySXBjYoCGGp1twz5PQbCU8L1Tg
				Accept=*/*
				Content-Type=application/json
Cookies:		<none>
Multiparts:		<none>
Body:
{
    "name": "928e8aea-114d-47e9-86b4-c8b45601c3db",
    "productType": "games",
    "price": 10.00,
    "quantity": 19
}
]]></system-out>
  </testcase>
  <testcase name="testDeleteProduct" classname="regression.ShopInventoryApiTest" time="2.712">
    <system-out><![CDATA[Request method:	GET
Request URI:	https://apiforshopsinventorymanagementsystem.onrender.com/products
Proxy:			<none>
Request params:	<none>
Query params:	<none>
Form params:	<none>
Path params:	<none>
Headers:		Accept=*/*
				Content-Type=application/json
Cookies:		<none>
Multiparts:		<none>
Body:			<none>
Request method:	POST
Request URI:	https://apiforshopsinventorymanagementsystem.onrender.com/auth/login
Proxy:			<none>
Request params:	<none>
Query params:	<none>
Form params:	<none>
Path params:	<none>
Headers:		Accept=*/*
				Content-Type=application/json
Cookies:		<none>
Multiparts:		<none>
Body:
{
    "username": "user01",
    "password": "secpassword*"
}
Request method:	DELETE
Request URI:	https://apiforshopsinventorymanagementsystem.onrender.com/products/89a7b49e-bae1-41cc-a8e4-e3060cd54873
Proxy:			<none>
Request params:	<none>
Query params:	<none>
Form params:	<none>
Path params:	productId=89a7b49e-bae1-41cc-a8e4-e3060cd54873
Headers:		authorization=eyJhbGciOiJIUzI1NiIsInR5cCI6IkpXVCJ9.eyJpZCI6IjY4MTJiY2NlZDVkZGIzYjkyYmY5MTYxMSIsImlhdCI6MTc0NzA3NTk3NywiZXhwIjoxNzQ3MDc5NTc3fQ.J_kt8JvJ-4qXecoUxQY8tJ6LAPsYstsWNzjIycQn9lg
				Accept=*/*
				Content-Type=application/json
Cookies:		<none>
Multiparts:		<none>
Body:			<none>
]]></system-out>
  </testcase>
  <testcase name="testAuthTokenResponse" classname="regression.ShopInventoryApiTest" time="2.113">
    <system-out><![CDATA[Request method:	POST
Request URI:	https://apiforshopsinventorymanagementsystem.onrender.com/auth/login
Proxy:			<none>
Request params:	<none>
Query params:	<none>
Form params:	<none>
Path params:	<none>
Headers:		Accept=*/*
				Content-Type=application/json
Cookies:		<none>
Multiparts:		<none>
Body:
{
    "username": "user01",
    "password": "secpassword*"
}
Request method:	POST
Request URI:	https://apiforshopsinventorymanagementsystem.onrender.com/auth/login
Proxy:			<none>
Request params:	<none>
Query params:	<none>
Form params:	<none>
Path params:	<none>
Headers:		Accept=*/*
				Content-Type=application/json
Cookies:		<none>
Multiparts:		<none>
Body:
{
    "username": "user01",
    "password": "secpassword*"
}
]]></system-out>
  </testcase>
</testsuite>